<?xml version="1.0" encoding="UTF-8"?>
<!-- Generated by org.testng.reporters.JUnitReportReporter -->
<testsuite hostname="LPTIN-5MBQX93" failures="0" tests="2" name="com.StudentPortal.StudentTests.StudentTest2" time="632.562" errors="0" timestamp="2023-11-08T16:00:19 IST" skipped="0">
  <testcase classname="com.StudentPortal.StudentTests.StudentTest2" name="TC937_LedgerCard_AdjustTransaction_ReturnedCheck" time="301.994"/>
  <testcase classname="com.StudentPortal.StudentTests.StudentTest2" name="TC932_Subsidiary_AdjustTransaction_ReturnedCheck" time="330.568"/>
</testsuite> <!-- com.StudentPortal.StudentTests.StudentTest2 -->
