<?xml version="1.0" encoding="UTF-8"?>
<!-- Generated by org.testng.reporters.JUnitReportReporter -->
<testsuite hostname="LPTIN-24Z3GG3" failures="0" tests="15" name="com.StudentPortal.StudentTests.StudentTests1" time="2592.891" errors="0" timestamp="2023-10-30T14:40:03 IST" skipped="0">
  <testcase classname="com.StudentPortal.StudentTests.StudentTests1" name="TC879_Addtaskstoastudent" time="189.586"/>
  <testcase classname="com.StudentPortal.StudentTests.StudentTests1" name="TC882_ConfirmpendingTasksexistinContactManagerforstudent" time="155.236"/>
  <testcase classname="com.StudentPortal.StudentTests.StudentTests1" name="TC882_ConfirmpendingTasksexistforStaff" time="118.716"/>
  <testcase classname="com.StudentPortal.StudentTests.StudentTests1" name="TC883_ConfirmthatpendingTasksinContactManagercanbeeditedbyStudent" time="205.848"/>
  <testcase classname="com.StudentPortal.StudentTests.StudentTests1" name="TC883_ConfirmthatpendingTaskscanbeeditedbyStaff" time="173.314"/>
  <testcase classname="com.StudentPortal.StudentTests.StudentTests1" name="TC880_ClosingthetasksfromtheContactManagerbyStaff" time="201.920"/>
  <testcase classname="com.StudentPortal.StudentTests.StudentTests1" name="TC876_UpdateAdmissionsRepforastudent" time="176.510"/>
  <testcase classname="com.StudentPortal.StudentTests.StudentTests1" name="TC876_PerformBatchAdmissionsRepReassignment" time="158.308"/>
  <testcase classname="com.StudentPortal.StudentTests.StudentTests1" name="TC854_PerformRevenueRecognition" time="109.550"/>
  <testcase classname="com.StudentPortal.StudentTests.StudentTests1" name="TC875_AddSMSServiceprovidersunderconfiguration" time="176.702"/>
  <testcase classname="com.StudentPortal.StudentTests.StudentTests1" name="TC875_VerifyappropriateconfigurationenablestheabilitytosendSMStostudents" time="159.181"/>
  <testcase classname="com.StudentPortal.StudentTests.StudentTests1" name="TC891_Confirmnewinformationcanbeaddedtofields" time="174.264"/>
  <testcase classname="com.StudentPortal.StudentTests.StudentTests1" name="TC894_Validatetheabilitytoaddnewemployers" time="123.604"/>
  <testcase classname="com.StudentPortal.StudentTests.StudentTests1" name="TC850_PerformaRefundCalculation" time="301.872"/>
  <testcase classname="com.StudentPortal.StudentTests.StudentTests1" name="TC855_ReleaseToGeneralLedger" time="168.280"/>
</testsuite> <!-- com.StudentPortal.StudentTests.StudentTests1 -->
