<?xml version="1.0" encoding="UTF-8"?>
<!-- Generated by org.testng.reporters.JUnitReportReporter -->
<testsuite hostname="LPTIN-5MBQX93" failures="0" tests="1" name="com.StudentPortal.StudentTests.StudentTest4" time="243.670" errors="0" timestamp="2023-11-20T15:01:17 IST" skipped="0">
  <testcase classname="com.StudentPortal.StudentTests.StudentTest4" name="TC831_Student_Application_Creation" time="243.670"/>
</testsuite> <!-- com.StudentPortal.StudentTests.StudentTest4 -->
