<?xml version="1.0" encoding="UTF-8"?>
<!-- Generated by org.testng.reporters.JUnitReportReporter -->
<testsuite hostname="LPTIN-BPBJ8S3" failures="0" tests="4" name="com.StudentPortal.StudentTests.StudentTests3" time="1168.128" errors="0" timestamp="2024-02-16T15:33:31 IST" skipped="0">
  <testcase classname="com.StudentPortal.StudentTests.StudentTests3" name="TC928_Subsidiary_Ledger_Post_Payment" time="262.638"/>
  <testcase classname="com.StudentPortal.StudentTests.StudentTests3" name="TC930_Subsidiary_Ledger_Adjust_Transaction_Delete" time="310.980"/>
  <testcase classname="com.StudentPortal.StudentTests.StudentTests3" name="TC931_Subsidiary_Ledger_Adjust_Transaction_Void" time="310.796"/>
  <testcase classname="com.StudentPortal.StudentTests.StudentTests3" name="TC900_Perform_Program_Transfer_to_Student" time="283.714"/>
</testsuite> <!-- com.StudentPortal.StudentTests.StudentTests3 -->
