<?xml version="1.0" encoding="UTF-8"?>
<!-- Generated by org.testng.reporters.JUnitReportReporter -->
<testsuite hostname="LPTIN-DG12GG3" failures="0" tests="2" name="com.StudentPortal.StudentTests.StudentTests_Batch1_2" time="912.588" errors="0" timestamp="2022-11-22T17:13:52 IST" skipped="0">
  <testcase classname="com.StudentPortal.StudentTests.StudentTests_Batch1_2" name="TC892_Editawardinformation" time="663.269"/>
  <testcase classname="com.StudentPortal.StudentTests.StudentTests_Batch1_2" name="TC892_verifytheawardupdatewascaptured" time="249.319"/>
</testsuite> <!-- com.StudentPortal.StudentTests.StudentTests_Batch1_2 -->
