<?xml version="1.0" encoding="UTF-8"?>
<!-- Generated by org.testng.reporters.JUnitReportReporter -->
<testsuite hostname="LPTIN-5MBQX93" failures="0" tests="1" name="com.StudentPortal.StudentTests.StudentTests4" time="245.594" errors="0" timestamp="2024-02-24T08:51:16 IST" skipped="0">
  <testcase classname="com.StudentPortal.StudentTests.StudentTests4" name="TC845_Post_Charge" time="245.594"/>
</testsuite> <!-- com.StudentPortal.StudentTests.StudentTests4 -->
