<?xml version="1.0" encoding="UTF-8"?>
<!-- Generated by org.testng.reporters.JUnitReportReporter -->
<testsuite hostname="LPTIN-DG12GG3" failures="0" tests="5" name="com.StudentPortal.StudentTests.DCRC_Demo_API" time="12.324" errors="0" timestamp="2022-10-14T12:56:32 IST" skipped="0">
  <testcase classname="com.StudentPortal.StudentTests.DCRC_Demo_API" name="TC879_Addtaskstoastudent" time="3.836"/>
  <testcase classname="com.StudentPortal.StudentTests.DCRC_Demo_API" name="AddDegreestoaStudent" time="1.844"/>
  <testcase classname="com.StudentPortal.StudentTests.DCRC_Demo_API" name="AddHonorstoaStudent" time="1.944"/>
  <testcase classname="com.StudentPortal.StudentTests.DCRC_Demo_API" name="TC894_Validatetheabilitytoaddnewemployers" time="1.991"/>
  <testcase classname="com.StudentPortal.StudentTests.DCRC_Demo_API" name="TC893_PlacestudentsintoanexternshipPosition" time="2.709"/>
</testsuite> <!-- com.StudentPortal.StudentTests.DCRC_Demo_API -->
