<?xml version="1.0" encoding="UTF-8"?>
<!-- Generated by org.testng.reporters.JUnitReportReporter -->
<testsuite hostname="LPTIN-DG12GG3" failures="0" tests="14" name="com.StudentPortal.StudentTests.StudentTests_Batch1_1" time="3012.435" errors="0" timestamp="2022-11-22T15:26:36 IST" skipped="0">
  <testcase classname="com.StudentPortal.StudentTests.StudentTests_Batch1_1" name="TC879_Addtaskstoastudent" time="273.157"/>
  <testcase classname="com.StudentPortal.StudentTests.StudentTests_Batch1_1" name="TC882_ConfirmpendingTasksexistinContactManagerforstudent" time="183.098"/>
  <testcase classname="com.StudentPortal.StudentTests.StudentTests_Batch1_1" name="TC882_ConfirmpendingTasksexistforStaff" time="104.316"/>
  <testcase classname="com.StudentPortal.StudentTests.StudentTests_Batch1_1" name="TC883_ConfirmthatpendingTasksinContactManagercanbeeditedbyStudent" time="298.770"/>
  <testcase classname="com.StudentPortal.StudentTests.StudentTests_Batch1_1" name="TC883_ConfirmthatpendingTaskscanbeeditedbyStaff" time="189.572"/>
  <testcase classname="com.StudentPortal.StudentTests.StudentTests_Batch1_1" name="TC880_ClosingthetasksfromtheContactManagerbyStaff" time="274.259"/>
  <testcase classname="com.StudentPortal.StudentTests.StudentTests_Batch1_1" name="TC876_UpdateAdmissionsRepforastudent" time="207.041"/>
  <testcase classname="com.StudentPortal.StudentTests.StudentTests_Batch1_1" name="TC876_PerformBatchAdmissionsRepReassignment" time="148.104"/>
  <testcase classname="com.StudentPortal.StudentTests.StudentTests_Batch1_1" name="TC854_PerformRevenueRecognition" time="163.899"/>
  <testcase classname="com.StudentPortal.StudentTests.StudentTests_Batch1_1" name="TC875_AddSMSServiceprovidersunderconfiguration" time="204.786"/>
  <testcase classname="com.StudentPortal.StudentTests.StudentTests_Batch1_1" name="TC875_VerifyappropriateconfigurationenablestheabilitytosendSMStostudents" time="203.889"/>
  <testcase classname="com.StudentPortal.StudentTests.StudentTests_Batch1_1" name="TC891_Confirmnewinformationcanbeaddedtofields" time="223.139"/>
  <testcase classname="com.StudentPortal.StudentTests.StudentTests_Batch1_1" name="TC894_Validatetheabilitytoaddnewemployers" time="217.461"/>
  <testcase classname="com.StudentPortal.StudentTests.StudentTests_Batch1_1" name="TC893_PlacestudentsintoanexternshipPosition" time="320.944"/>
</testsuite> <!-- com.StudentPortal.StudentTests.StudentTests_Batch1_1 -->
