<?xml version="1.0" encoding="UTF-8"?>
<!-- Generated by org.testng.reporters.JUnitReportReporter -->
<testsuite hostname="LPTIN-DG12GG3" failures="0" tests="2" name="com.StudentPortal.StudentTests.DCRC_Demo" time="402.416" errors="0" timestamp="2022-10-13T16:57:20 IST" skipped="0">
  <testcase classname="com.StudentPortal.StudentTests.DCRC_Demo" name="TC894_Validatetheabilitytoaddnewemployers" time="175.078"/>
  <testcase classname="com.StudentPortal.StudentTests.DCRC_Demo" name="TC893_PlacestudentsintoanexternshipPosition" time="227.338"/>
</testsuite> <!-- com.StudentPortal.StudentTests.DCRC_Demo -->
