<?xml version="1.0" encoding="UTF-8"?>
<!-- Generated by org.testng.reporters.JUnitReportReporter -->
<testsuite hostname="LPTIN-5MBQX93" failures="0" tests="1" name="com.StudentPortal.StudentTests.StudentTest3" time="189.974" errors="0" timestamp="2023-11-08T16:00:19 IST" skipped="0">
  <testcase classname="com.StudentPortal.StudentTests.StudentTest3" name="TC895_Edit_Existing_Course_section" time="189.974"/>
</testsuite> <!-- com.StudentPortal.StudentTests.StudentTest3 -->
