<?xml version="1.0" encoding="UTF-8"?>
<!-- Generated by org.testng.reporters.JUnitReportReporter -->
<testsuite hostname="LPTIN-24Z3GG3" failures="0" tests="15" name="com.StudentPortal.StudentTests.StudentTests2" time="3220.608" errors="0" timestamp="2023-10-30T14:40:03 IST" skipped="0">
  <testcase classname="com.StudentPortal.StudentTests.StudentTests2" name="TC938_1LedgerCardPostCharge" time="228.229"/>
  <testcase classname="com.StudentPortal.StudentTests.StudentTests2" name="TC939_LedgerAdjustTransaction" time="234.771"/>
  <testcase classname="com.StudentPortal.StudentTests.StudentTests2" name="TC938_2LedgerCardAdjustTransactionDelete" time="225.389"/>
  <testcase classname="com.StudentPortal.StudentTests.StudentTests2" name="TC936_LedgerAdjustTransactionVoid" time="284.320"/>
  <testcase classname="com.StudentPortal.StudentTests.StudentTests2" name="TC940_1LedgerCardPrint" time="250.663"/>
  <testcase classname="com.StudentPortal.StudentTests.StudentTests2" name="TC940_2LedgerCardPrintDetail" time="229.737"/>
  <testcase classname="com.StudentPortal.StudentTests.StudentTests2" name="TC941_1ConfigPaymentFlag" time="179.231"/>
  <testcase classname="com.StudentPortal.StudentTests.StudentTests2" name="TC941_2LedgerCardApplyCredit" time="278.992"/>
  <testcase classname="com.StudentPortal.StudentTests.StudentTests2" name="TC1739_2ConfigureDocumentSchedules" time="124.228"/>
  <testcase classname="com.StudentPortal.StudentTests.StudentTests2" name="TC1739_3AbilitytoadddocumentstoindividualStudentrecordfromtheFinancialAidmodule" time="179.850"/>
  <testcase classname="com.StudentPortal.StudentTests.StudentTests2" name="TC1739_4AbilitytoadddocumentliststoindividualStudentrecordfromtheFinancialAidmodule" time="159.855"/>
  <testcase classname="com.StudentPortal.StudentTests.StudentTests2" name="TC1739_5ConfigureDocumentPolicies" time="132.632"/>
  <testcase classname="com.StudentPortal.StudentTests.StudentTests2" name="TC940_3LedgerCardPrintDSummary" time="248.788"/>
  <testcase classname="com.StudentPortal.StudentTests.StudentTests2" name="TC937LedgerCardAdjustTransactionReturnedCheck" time="291.524"/>
  <testcase classname="com.StudentPortal.StudentTests.StudentTests2" name="TC1957_AddSchoolDefinedFieldsNew" time="172.399"/>
</testsuite> <!-- com.StudentPortal.StudentTests.StudentTests2 -->
