<?xml version="1.0" encoding="UTF-8"?>
<!-- Generated by org.testng.reporters.JUnitReportReporter -->
<testsuite hostname="LPTIN-5MBQX93" failures="0" tests="1" name="com.StudentPortal.StudentTests.StudentTest1" time="418.492" errors="0" timestamp="2023-11-08T12:04:32 IST" skipped="0">
  <testcase classname="com.StudentPortal.StudentTests.StudentTest1" name="TC887_Approving_FADisbursements_to_Pay_in_BatchForm" time="418.492"/>
</testsuite> <!-- com.StudentPortal.StudentTests.StudentTest1 -->
